INFO:root:#########################
INFO:root:### FOLD 1 ###
INFO:root:### Train size , 65786, Valid size , 7310
INFO:root:#########################
INFO:root:### FOLD 1 ###
INFO:root:### Train size , 65786, Valid size , 7310
INFO:root:Model Name : Decision_tree
INFO:root:Hyperparameters : {'ccp_alpha': 0.0, 'class_weight': None, 'criterion': 'gini', 'max_depth': None, 'max_features': None, 'max_leaf_nodes': None, 'min_impurity_decrease': 0.0, 'min_samples_leaf': 1, 'min_samples_split': 2, 'min_weight_fraction_leaf': 0.0, 'random_state': None, 'splitter': 'best'}
INFO:root:Train ROC AUC: 1.0
INFO:root:Test ROC AUC: 0.9517099863201094
INFO:root:Train Classification Report:
INFO:root:              precision    recall  f1-score   support

          No       1.00      1.00      1.00     32893
         Yes       1.00      1.00      1.00     32893

    accuracy                           1.00     65786
   macro avg       1.00      1.00      1.00     65786
weighted avg       1.00      1.00      1.00     65786

INFO:root:Test Classification Report:
INFO:root:              precision    recall  f1-score   support

          No       0.97      0.93      0.95      3655
         Yes       0.93      0.98      0.95      3655

    accuracy                           0.95      7310
   macro avg       0.95      0.95      0.95      7310
weighted avg       0.95      0.95      0.95      7310

INFO:root:#########################
INFO:root:

INFO:root:#########################
INFO:root:### FOLD 2 ###
INFO:root:### Train size , 65786, Valid size , 7310
INFO:root:Model Name : Decision_tree
INFO:root:Hyperparameters : {'ccp_alpha': 0.0, 'class_weight': None, 'criterion': 'gini', 'max_depth': None, 'max_features': None, 'max_leaf_nodes': None, 'min_impurity_decrease': 0.0, 'min_samples_leaf': 1, 'min_samples_split': 2, 'min_weight_fraction_leaf': 0.0, 'random_state': None, 'splitter': 'best'}
INFO:root:Train ROC AUC: 1.0
INFO:root:Test ROC AUC: 0.9507523939808481
INFO:root:Train Classification Report:
INFO:root:              precision    recall  f1-score   support

          No       1.00      1.00      1.00     32893
         Yes       1.00      1.00      1.00     32893

    accuracy                           1.00     65786
   macro avg       1.00      1.00      1.00     65786
weighted avg       1.00      1.00      1.00     65786

INFO:root:Test Classification Report:
INFO:root:              precision    recall  f1-score   support

          No       0.98      0.92      0.95      3655
         Yes       0.93      0.98      0.95      3655

    accuracy                           0.95      7310
   macro avg       0.95      0.95      0.95      7310
weighted avg       0.95      0.95      0.95      7310

INFO:root:#########################
INFO:root:

INFO:root:#########################
INFO:root:### FOLD 3 ###
INFO:root:### Train size , 65786, Valid size , 7310
INFO:root:Model Name : Decision_tree
INFO:root:Hyperparameters : {'ccp_alpha': 0.0, 'class_weight': None, 'criterion': 'gini', 'max_depth': None, 'max_features': None, 'max_leaf_nodes': None, 'min_impurity_decrease': 0.0, 'min_samples_leaf': 1, 'min_samples_split': 2, 'min_weight_fraction_leaf': 0.0, 'random_state': None, 'splitter': 'best'}
INFO:root:Train ROC AUC: 1.0
INFO:root:Test ROC AUC: 0.9554035567715459
INFO:root:Train Classification Report:
INFO:root:              precision    recall  f1-score   support

          No       1.00      1.00      1.00     32893
         Yes       1.00      1.00      1.00     32893

    accuracy                           1.00     65786
   macro avg       1.00      1.00      1.00     65786
weighted avg       1.00      1.00      1.00     65786

INFO:root:Test Classification Report:
INFO:root:              precision    recall  f1-score   support

          No       0.98      0.93      0.95      3655
         Yes       0.94      0.98      0.96      3655

    accuracy                           0.96      7310
   macro avg       0.96      0.96      0.96      7310
weighted avg       0.96      0.96      0.96      7310

INFO:root:#########################
INFO:root:

INFO:root:#########################
INFO:root:### FOLD 4 ###
INFO:root:### Train size , 65786, Valid size , 7310
INFO:root:Model Name : Decision_tree
INFO:root:Hyperparameters : {'ccp_alpha': 0.0, 'class_weight': None, 'criterion': 'gini', 'max_depth': None, 'max_features': None, 'max_leaf_nodes': None, 'min_impurity_decrease': 0.0, 'min_samples_leaf': 1, 'min_samples_split': 2, 'min_weight_fraction_leaf': 0.0, 'random_state': None, 'splitter': 'best'}
INFO:root:Train ROC AUC: 1.0
INFO:root:Test ROC AUC: 0.9534883720930232
INFO:root:Train Classification Report:
INFO:root:              precision    recall  f1-score   support

          No       1.00      1.00      1.00     32893
         Yes       1.00      1.00      1.00     32893

    accuracy                           1.00     65786
   macro avg       1.00      1.00      1.00     65786
weighted avg       1.00      1.00      1.00     65786

INFO:root:Test Classification Report:
INFO:root:              precision    recall  f1-score   support

          No       0.98      0.93      0.95      3655
         Yes       0.93      0.98      0.95      3655

    accuracy                           0.95      7310
   macro avg       0.95      0.95      0.95      7310
weighted avg       0.95      0.95      0.95      7310

INFO:root:#########################
INFO:root:

INFO:root:#########################
INFO:root:### FOLD 5 ###
INFO:root:### Train size , 65786, Valid size , 7310
INFO:root:Model Name : Decision_tree
INFO:root:Hyperparameters : {'ccp_alpha': 0.0, 'class_weight': None, 'criterion': 'gini', 'max_depth': None, 'max_features': None, 'max_leaf_nodes': None, 'min_impurity_decrease': 0.0, 'min_samples_leaf': 1, 'min_samples_split': 2, 'min_weight_fraction_leaf': 0.0, 'random_state': None, 'splitter': 'best'}
INFO:root:Train ROC AUC: 1.0
INFO:root:Test ROC AUC: 0.9580027359781123
INFO:root:Train Classification Report:
INFO:root:              precision    recall  f1-score   support

          No       1.00      1.00      1.00     32893
         Yes       1.00      1.00      1.00     32893

    accuracy                           1.00     65786
   macro avg       1.00      1.00      1.00     65786
weighted avg       1.00      1.00      1.00     65786

INFO:root:Test Classification Report:
INFO:root:              precision    recall  f1-score   support

          No       0.99      0.93      0.96      3655
         Yes       0.93      0.99      0.96      3655

    accuracy                           0.96      7310
   macro avg       0.96      0.96      0.96      7310
weighted avg       0.96      0.96      0.96      7310

INFO:root:#########################
INFO:root:

INFO:root:#########################
INFO:root:### FOLD 6 ###
INFO:root:### Train size , 65786, Valid size , 7310
INFO:root:Model Name : Decision_tree
INFO:root:Hyperparameters : {'ccp_alpha': 0.0, 'class_weight': None, 'criterion': 'gini', 'max_depth': None, 'max_features': None, 'max_leaf_nodes': None, 'min_impurity_decrease': 0.0, 'min_samples_leaf': 1, 'min_samples_split': 2, 'min_weight_fraction_leaf': 0.0, 'random_state': None, 'splitter': 'best'}
INFO:root:Train ROC AUC: 1.0
INFO:root:Test ROC AUC: 0.9537619699042407
INFO:root:Train Classification Report:
INFO:root:              precision    recall  f1-score   support

          No       1.00      1.00      1.00     32893
         Yes       1.00      1.00      1.00     32893

    accuracy                           1.00     65786
   macro avg       1.00      1.00      1.00     65786
weighted avg       1.00      1.00      1.00     65786

INFO:root:Test Classification Report:
INFO:root:              precision    recall  f1-score   support

          No       0.98      0.93      0.95      3655
         Yes       0.93      0.98      0.95      3655

    accuracy                           0.95      7310
   macro avg       0.96      0.95      0.95      7310
weighted avg       0.96      0.95      0.95      7310

INFO:root:#########################
INFO:root:

INFO:root:#########################
INFO:root:### FOLD 7 ###
INFO:root:### Train size , 65787, Valid size , 7309
INFO:root:Model Name : Decision_tree
INFO:root:Hyperparameters : {'ccp_alpha': 0.0, 'class_weight': None, 'criterion': 'gini', 'max_depth': None, 'max_features': None, 'max_leaf_nodes': None, 'min_impurity_decrease': 0.0, 'min_samples_leaf': 1, 'min_samples_split': 2, 'min_weight_fraction_leaf': 0.0, 'random_state': None, 'splitter': 'best'}
INFO:root:Train ROC AUC: 1.0
INFO:root:Test ROC AUC: 0.957308970099668
INFO:root:Train Classification Report:
INFO:root:              precision    recall  f1-score   support

          No       1.00      1.00      1.00     32894
         Yes       1.00      1.00      1.00     32893

    accuracy                           1.00     65787
   macro avg       1.00      1.00      1.00     65787
weighted avg       1.00      1.00      1.00     65787

INFO:root:Test Classification Report:
INFO:root:              precision    recall  f1-score   support

          No       0.99      0.93      0.96      3654
         Yes       0.93      0.99      0.96      3655

    accuracy                           0.96      7309
   macro avg       0.96      0.96      0.96      7309
weighted avg       0.96      0.96      0.96      7309

INFO:root:#########################
INFO:root:

INFO:root:#########################
INFO:root:### FOLD 8 ###
INFO:root:### Train size , 65787, Valid size , 7309
INFO:root:Model Name : Decision_tree
INFO:root:Hyperparameters : {'ccp_alpha': 0.0, 'class_weight': None, 'criterion': 'gini', 'max_depth': None, 'max_features': None, 'max_leaf_nodes': None, 'min_impurity_decrease': 0.0, 'min_samples_leaf': 1, 'min_samples_split': 2, 'min_weight_fraction_leaf': 0.0, 'random_state': None, 'splitter': 'best'}
INFO:root:Train ROC AUC: 1.0
INFO:root:Test ROC AUC: 0.952520109888382
INFO:root:Train Classification Report:
INFO:root:              precision    recall  f1-score   support

          No       1.00      1.00      1.00     32894
         Yes       1.00      1.00      1.00     32893

    accuracy                           1.00     65787
   macro avg       1.00      1.00      1.00     65787
weighted avg       1.00      1.00      1.00     65787

INFO:root:Test Classification Report:
INFO:root:              precision    recall  f1-score   support

          No       0.98      0.92      0.95      3654
         Yes       0.93      0.98      0.95      3655

    accuracy                           0.95      7309
   macro avg       0.95      0.95      0.95      7309
weighted avg       0.95      0.95      0.95      7309

INFO:root:#########################
INFO:root:

INFO:root:#########################
INFO:root:### FOLD 9 ###
INFO:root:### Train size , 65787, Valid size , 7309
INFO:root:Model Name : Decision_tree
INFO:root:Hyperparameters : {'ccp_alpha': 0.0, 'class_weight': None, 'criterion': 'gini', 'max_depth': None, 'max_features': None, 'max_leaf_nodes': None, 'min_impurity_decrease': 0.0, 'min_samples_leaf': 1, 'min_samples_split': 2, 'min_weight_fraction_leaf': 0.0, 'random_state': None, 'splitter': 'best'}
INFO:root:Train ROC AUC: 1.0
INFO:root:Test ROC AUC: 0.9493811103698363
INFO:root:Train Classification Report:
INFO:root:              precision    recall  f1-score   support

          No       1.00      1.00      1.00     32893
         Yes       1.00      1.00      1.00     32894

    accuracy                           1.00     65787
   macro avg       1.00      1.00      1.00     65787
weighted avg       1.00      1.00      1.00     65787

INFO:root:Test Classification Report:
INFO:root:              precision    recall  f1-score   support

          No       0.97      0.92      0.95      3655
         Yes       0.93      0.98      0.95      3654

    accuracy                           0.95      7309
   macro avg       0.95      0.95      0.95      7309
weighted avg       0.95      0.95      0.95      7309

INFO:root:#########################
INFO:root:

INFO:root:#########################
INFO:root:### FOLD 10 ###
INFO:root:### Train size , 65787, Valid size , 7309
INFO:root:Model Name : Decision_tree
INFO:root:Hyperparameters : {'ccp_alpha': 0.0, 'class_weight': None, 'criterion': 'gini', 'max_depth': None, 'max_features': None, 'max_leaf_nodes': None, 'min_impurity_decrease': 0.0, 'min_samples_leaf': 1, 'min_samples_split': 2, 'min_weight_fraction_leaf': 0.0, 'random_state': None, 'splitter': 'best'}
INFO:root:Train ROC AUC: 1.0
INFO:root:Test ROC AUC: 0.9413081404708369
INFO:root:Train Classification Report:
INFO:root:              precision    recall  f1-score   support

          No       1.00      1.00      1.00     32893
         Yes       1.00      1.00      1.00     32894

    accuracy                           1.00     65787
   macro avg       1.00      1.00      1.00     65787
weighted avg       1.00      1.00      1.00     65787

INFO:root:Test Classification Report:
INFO:root:              precision    recall  f1-score   support

          No       0.96      0.92      0.94      3655
         Yes       0.92      0.96      0.94      3654

    accuracy                           0.94      7309
   macro avg       0.94      0.94      0.94      7309
weighted avg       0.94      0.94      0.94      7309

INFO:root:#########################
INFO:root:

INFO:root:Overall Training ROC Score: 1.0, Testing ROC Score : 0.9523637345876601
INFO:root:#########################
INFO:root:### FOLD 1 ###
INFO:root:### Train size , 65786, Valid size , 7310
INFO:root:Model Name : Decision_tree
INFO:root:Hyperparameters : {'ccp_alpha': 0.0, 'class_weight': None, 'criterion': 'gini', 'max_depth': 5, 'max_features': None, 'max_leaf_nodes': None, 'min_impurity_decrease': 0.0, 'min_samples_leaf': 1, 'min_samples_split': 10, 'min_weight_fraction_leaf': 0.0, 'random_state': None, 'splitter': 'best'}
INFO:root:Train ROC AUC: 0.937941254499405
INFO:root:Test ROC AUC: 0.937038743471174
INFO:root:Train Classification Report:
INFO:root:              precision    recall  f1-score   support

          No       0.92      0.83      0.87     32893
         Yes       0.84      0.93      0.89     32893

    accuracy                           0.88     65786
   macro avg       0.88      0.88      0.88     65786
weighted avg       0.88      0.88      0.88     65786

INFO:root:Test Classification Report:
INFO:root:              precision    recall  f1-score   support

          No       0.92      0.83      0.87      3655
         Yes       0.84      0.93      0.88      3655

    accuracy                           0.88      7310
   macro avg       0.88      0.88      0.88      7310
weighted avg       0.88      0.88      0.88      7310

INFO:root:#########################
INFO:root:

INFO:root:#########################
INFO:root:### FOLD 2 ###
INFO:root:### Train size , 65786, Valid size , 7310
INFO:root:Model Name : Decision_tree
INFO:root:Hyperparameters : {'ccp_alpha': 0.0, 'class_weight': None, 'criterion': 'gini', 'max_depth': 5, 'max_features': None, 'max_leaf_nodes': None, 'min_impurity_decrease': 0.0, 'min_samples_leaf': 1, 'min_samples_split': 10, 'min_weight_fraction_leaf': 0.0, 'random_state': None, 'splitter': 'best'}
INFO:root:Train ROC AUC: 0.9376574551959498
INFO:root:Test ROC AUC: 0.9337894045411249
INFO:root:Train Classification Report:
INFO:root:              precision    recall  f1-score   support

          No       0.92      0.83      0.87     32893
         Yes       0.85      0.93      0.88     32893

    accuracy                           0.88     65786
   macro avg       0.88      0.88      0.88     65786
weighted avg       0.88      0.88      0.88     65786

INFO:root:Test Classification Report:
INFO:root:              precision    recall  f1-score   support

          No       0.91      0.83      0.87      3655
         Yes       0.84      0.92      0.88      3655

    accuracy                           0.87      7310
   macro avg       0.88      0.87      0.87      7310
weighted avg       0.88      0.87      0.87      7310

INFO:root:#########################
INFO:root:

INFO:root:#########################
INFO:root:### FOLD 3 ###
INFO:root:### Train size , 65786, Valid size , 7310
INFO:root:Model Name : Decision_tree
INFO:root:Hyperparameters : {'ccp_alpha': 0.0, 'class_weight': None, 'criterion': 'gini', 'max_depth': 5, 'max_features': None, 'max_leaf_nodes': None, 'min_impurity_decrease': 0.0, 'min_samples_leaf': 1, 'min_samples_split': 10, 'min_weight_fraction_leaf': 0.0, 'random_state': None, 'splitter': 'best'}
INFO:root:Train ROC AUC: 0.9372516880869542
INFO:root:Test ROC AUC: 0.9384691622330222
INFO:root:Train Classification Report:
INFO:root:              precision    recall  f1-score   support

          No       0.92      0.83      0.87     32893
         Yes       0.84      0.93      0.88     32893

    accuracy                           0.88     65786
   macro avg       0.88      0.88      0.88     65786
weighted avg       0.88      0.88      0.88     65786

INFO:root:Test Classification Report:
INFO:root:              precision    recall  f1-score   support

          No       0.92      0.84      0.88      3655
         Yes       0.86      0.92      0.89      3655

    accuracy                           0.88      7310
   macro avg       0.89      0.88      0.88      7310
weighted avg       0.89      0.88      0.88      7310

INFO:root:#########################
INFO:root:

INFO:root:#########################
INFO:root:### FOLD 4 ###
INFO:root:### Train size , 65786, Valid size , 7310
INFO:root:Model Name : Decision_tree
INFO:root:Hyperparameters : {'ccp_alpha': 0.0, 'class_weight': None, 'criterion': 'gini', 'max_depth': 5, 'max_features': None, 'max_leaf_nodes': None, 'min_impurity_decrease': 0.0, 'min_samples_leaf': 1, 'min_samples_split': 10, 'min_weight_fraction_leaf': 0.0, 'random_state': None, 'splitter': 'best'}
INFO:root:Train ROC AUC: 0.9377733510911932
INFO:root:Test ROC AUC: 0.9347775380314056
INFO:root:Train Classification Report:
INFO:root:              precision    recall  f1-score   support

          No       0.92      0.83      0.87     32893
         Yes       0.84      0.93      0.88     32893

    accuracy                           0.88     65786
   macro avg       0.88      0.88      0.88     65786
weighted avg       0.88      0.88      0.88     65786

INFO:root:Test Classification Report:
INFO:root:              precision    recall  f1-score   support

          No       0.92      0.82      0.87      3655
         Yes       0.84      0.93      0.88      3655

    accuracy                           0.87      7310
   macro avg       0.88      0.87      0.87      7310
weighted avg       0.88      0.87      0.87      7310

INFO:root:#########################
INFO:root:

INFO:root:#########################
INFO:root:### FOLD 5 ###
INFO:root:### Train size , 65786, Valid size , 7310
INFO:root:Model Name : Decision_tree
INFO:root:Hyperparameters : {'ccp_alpha': 0.0, 'class_weight': None, 'criterion': 'gini', 'max_depth': 5, 'max_features': None, 'max_leaf_nodes': None, 'min_impurity_decrease': 0.0, 'min_samples_leaf': 1, 'min_samples_split': 10, 'min_weight_fraction_leaf': 0.0, 'random_state': None, 'splitter': 'best'}
INFO:root:Train ROC AUC: 0.9369620155885859
INFO:root:Test ROC AUC: 0.9407216844043633
INFO:root:Train Classification Report:
INFO:root:              precision    recall  f1-score   support

          No       0.92      0.83      0.87     32893
         Yes       0.85      0.92      0.88     32893

    accuracy                           0.88     65786
   macro avg       0.88      0.88      0.88     65786
weighted avg       0.88      0.88      0.88     65786

INFO:root:Test Classification Report:
INFO:root:              precision    recall  f1-score   support

          No       0.92      0.84      0.88      3655
         Yes       0.85      0.93      0.89      3655

    accuracy                           0.88      7310
   macro avg       0.89      0.88      0.88      7310
weighted avg       0.89      0.88      0.88      7310

INFO:root:#########################
INFO:root:

INFO:root:#########################
INFO:root:### FOLD 6 ###
INFO:root:### Train size , 65786, Valid size , 7310
INFO:root:Model Name : Decision_tree
INFO:root:Hyperparameters : {'ccp_alpha': 0.0, 'class_weight': None, 'criterion': 'gini', 'max_depth': 5, 'max_features': None, 'max_leaf_nodes': None, 'min_impurity_decrease': 0.0, 'min_samples_leaf': 1, 'min_samples_split': 10, 'min_weight_fraction_leaf': 0.0, 'random_state': None, 'splitter': 'best'}
INFO:root:Train ROC AUC: 0.9372321525162125
INFO:root:Test ROC AUC: 0.9391664436588748
INFO:root:Train Classification Report:
INFO:root:              precision    recall  f1-score   support

          No       0.92      0.83      0.87     32893
         Yes       0.85      0.92      0.88     32893

    accuracy                           0.88     65786
   macro avg       0.88      0.88      0.88     65786
weighted avg       0.88      0.88      0.88     65786

INFO:root:Test Classification Report:
INFO:root:              precision    recall  f1-score   support

          No       0.92      0.84      0.87      3655
         Yes       0.85      0.92      0.88      3655

    accuracy                           0.88      7310
   macro avg       0.88      0.88      0.88      7310
weighted avg       0.88      0.88      0.88      7310

INFO:root:#########################
INFO:root:

INFO:root:#########################
INFO:root:### FOLD 7 ###
INFO:root:### Train size , 65787, Valid size , 7309
INFO:root:Model Name : Decision_tree
INFO:root:Hyperparameters : {'ccp_alpha': 0.0, 'class_weight': None, 'criterion': 'gini', 'max_depth': 5, 'max_features': None, 'max_leaf_nodes': None, 'min_impurity_decrease': 0.0, 'min_samples_leaf': 1, 'min_samples_split': 10, 'min_weight_fraction_leaf': 0.0, 'random_state': None, 'splitter': 'best'}
INFO:root:Train ROC AUC: 0.9372295897413083
INFO:root:Test ROC AUC: 0.9362654123397555
INFO:root:Train Classification Report:
INFO:root:              precision    recall  f1-score   support

          No       0.92      0.83      0.87     32894
         Yes       0.85      0.92      0.88     32893

    accuracy                           0.88     65787
   macro avg       0.88      0.88      0.88     65787
weighted avg       0.88      0.88      0.88     65787

INFO:root:Test Classification Report:
INFO:root:              precision    recall  f1-score   support

          No       0.92      0.83      0.87      3654
         Yes       0.84      0.93      0.88      3655

    accuracy                           0.88      7309
   macro avg       0.88      0.88      0.88      7309
weighted avg       0.88      0.88      0.88      7309

INFO:root:#########################
INFO:root:

INFO:root:#########################
INFO:root:### FOLD 8 ###
INFO:root:### Train size , 65787, Valid size , 7309
INFO:root:Model Name : Decision_tree
INFO:root:Hyperparameters : {'ccp_alpha': 0.0, 'class_weight': None, 'criterion': 'gini', 'max_depth': 5, 'max_features': None, 'max_leaf_nodes': None, 'min_impurity_decrease': 0.0, 'min_samples_leaf': 1, 'min_samples_split': 10, 'min_weight_fraction_leaf': 0.0, 'random_state': None, 'splitter': 'best'}
INFO:root:Train ROC AUC: 0.9371753171365528
INFO:root:Test ROC AUC: 0.9357601099782336
INFO:root:Train Classification Report:
INFO:root:              precision    recall  f1-score   support

          No       0.92      0.83      0.87     32894
         Yes       0.85      0.93      0.89     32893

    accuracy                           0.88     65787
   macro avg       0.88      0.88      0.88     65787
weighted avg       0.88      0.88      0.88     65787

INFO:root:Test Classification Report:
INFO:root:              precision    recall  f1-score   support

          No       0.92      0.82      0.87      3654
         Yes       0.84      0.92      0.88      3655

    accuracy                           0.87      7309
   macro avg       0.88      0.87      0.87      7309
weighted avg       0.88      0.87      0.87      7309

INFO:root:#########################
INFO:root:

INFO:root:#########################
INFO:root:### FOLD 9 ###
INFO:root:### Train size , 65787, Valid size , 7309
INFO:root:Model Name : Decision_tree
INFO:root:Hyperparameters : {'ccp_alpha': 0.0, 'class_weight': None, 'criterion': 'gini', 'max_depth': 5, 'max_features': None, 'max_leaf_nodes': None, 'min_impurity_decrease': 0.0, 'min_samples_leaf': 1, 'min_samples_split': 10, 'min_weight_fraction_leaf': 0.0, 'random_state': None, 'splitter': 'best'}
INFO:root:Train ROC AUC: 0.9372136453960723
INFO:root:Test ROC AUC: 0.9350743184202308
INFO:root:Train Classification Report:
INFO:root:              precision    recall  f1-score   support

          No       0.92      0.83      0.87     32893
         Yes       0.85      0.92      0.88     32894

    accuracy                           0.88     65787
   macro avg       0.88      0.88      0.88     65787
weighted avg       0.88      0.88      0.88     65787

INFO:root:Test Classification Report:
INFO:root:              precision    recall  f1-score   support

          No       0.92      0.83      0.87      3655
         Yes       0.84      0.93      0.88      3654

    accuracy                           0.88      7309
   macro avg       0.88      0.88      0.88      7309
weighted avg       0.88      0.88      0.88      7309

INFO:root:#########################
INFO:root:

INFO:root:#########################
INFO:root:### FOLD 10 ###
INFO:root:### Train size , 65787, Valid size , 7309
INFO:root:Model Name : Decision_tree
INFO:root:Hyperparameters : {'ccp_alpha': 0.0, 'class_weight': None, 'criterion': 'gini', 'max_depth': 5, 'max_features': None, 'max_leaf_nodes': None, 'min_impurity_decrease': 0.0, 'min_samples_leaf': 1, 'min_samples_split': 10, 'min_weight_fraction_leaf': 0.0, 'random_state': None, 'splitter': 'best'}
INFO:root:Train ROC AUC: 0.9377195912685238
INFO:root:Test ROC AUC: 0.93155775541973
INFO:root:Train Classification Report:
INFO:root:              precision    recall  f1-score   support

          No       0.92      0.83      0.87     32893
         Yes       0.85      0.93      0.88     32894

    accuracy                           0.88     65787
   macro avg       0.88      0.88      0.88     65787
weighted avg       0.88      0.88      0.88     65787

INFO:root:Test Classification Report:
INFO:root:              precision    recall  f1-score   support

          No       0.91      0.83      0.87      3655
         Yes       0.84      0.92      0.88      3654

    accuracy                           0.88      7309
   macro avg       0.88      0.88      0.88      7309
weighted avg       0.88      0.88      0.88      7309

INFO:root:#########################
INFO:root:

INFO:root:Overall Training ROC Score: 0.9374156060520757, Testing ROC Score : 0.9362620572497915









INFO:Using grid search over for "max_depth" and "min_samples_split"
INFO:root:#########################
INFO:root:### FOLD 1 ###
INFO:root:### Train size , 65786, Valid size , 7310
INFO:root:#########################
INFO:root:### FOLD 1 ###
INFO:root:### Train size , 65786, Valid size , 7310
INFO:root:	Model Name : Decision_tree
INFO:root:Hyperparameters : {'ccp_alpha': 0.0, 'class_weight': None, 'criterion': 'gini', 'max_depth': 10, 'max_features': None, 'max_leaf_nodes': None, 'min_impurity_decrease': 0.0, 'min_samples_leaf': 1, 'min_samples_split': 7, 'min_weight_fraction_leaf': 0.0, 'random_state': None, 'splitter': 'best'}
INFO:root:Train ROC AUC: 0.9656437141916786
INFO:root:Test ROC AUC: 0.9573377548136934
INFO:root:Train Classification Report:
INFO:root:     precision    recall  f1-score   support

          No       0.96      0.87      0.92     32893
         Yes       0.88      0.97      0.92     32893

    accuracy                           0.92     65786
   macro avg       0.92      0.92      0.92     65786
weighted avg       0.92      0.92      0.92     65786

INFO:root:Test Classification Report:
INFO:root:              precision    recall  f1-score   support

          No       0.96      0.86      0.91      3655
         Yes       0.88      0.96      0.92      3655

    accuracy                           0.91      7310
   macro avg       0.92      0.91      0.91      7310
weighted avg       0.92      0.91      0.91      7310

INFO:root:#########################
INFO:root:

INFO:root:#########################
INFO:root:### FOLD 2 ###
INFO:root:### Train size , 65786, Valid size , 7310
INFO:root:	Model Name : Decision_tree
INFO:root:Hyperparameters : {'ccp_alpha': 0.0, 'class_weight': None, 'criterion': 'gini', 'max_depth': 8, 'max_features': None, 'max_leaf_nodes': None, 'min_impurity_decrease': 0.0, 'min_samples_leaf': 1, 'min_samples_split': 8, 'min_weight_fraction_leaf': 0.0, 'random_state': None, 'splitter': 'best'}
INFO:root:Train ROC AUC: 0.9545148287237588
INFO:root:Test ROC AUC: 0.9477865712505217
INFO:root:Train Classification Report:
INFO:root:              precision    recall  f1-score   support

          No       0.93      0.86      0.90     32893
         Yes       0.87      0.94      0.90     32893

    accuracy                           0.90     65786
   macro avg       0.90      0.90      0.90     65786
weighted avg       0.90      0.90      0.90     65786

INFO:root:Test Classification Report:
INFO:root:              precision    recall  f1-score   support

          No       0.93      0.85      0.89      3655
         Yes       0.86      0.93      0.90      3655

    accuracy                           0.89      7310
   macro avg       0.90      0.89      0.89      7310
weighted avg       0.90      0.89      0.89      7310

INFO:root:#########################
INFO:root:

INFO:root:#########################
INFO:root:### FOLD 3 ###
INFO:root:### Train size , 65786, Valid size , 7310
INFO:root:	Model Name : Decision_tree
INFO:root:Hyperparameters : {'ccp_alpha': 0.0, 'class_weight': None, 'criterion': 'gini', 'max_depth': 10, 'max_features': None, 'max_leaf_nodes': None, 'min_impurity_decrease': 0.0, 'min_samples_leaf': 1, 'min_samples_split': 16, 'min_weight_fraction_leaf': 0.0, 'random_state': None, 'splitter': 'best'}
INFO:root:Train ROC AUC: 0.9637060187642834
INFO:root:Test ROC AUC: 0.9591829119265814
INFO:root:Train Classification Report:
INFO:root:              precision    recall  f1-score   support

          No       0.96      0.87      0.91     32893
         Yes       0.88      0.96      0.92     32893

    accuracy                           0.92     65786
   macro avg       0.92      0.92      0.92     65786
weighted avg       0.92      0.92      0.92     65786

INFO:root:Test Classification Report:
INFO:root:              precision    recall  f1-score   support

          No       0.95      0.87      0.91      3655
         Yes       0.88      0.95      0.92      3655

    accuracy                           0.91      7310
   macro avg       0.91      0.91      0.91      7310
weighted avg       0.91      0.91      0.91      7310

INFO:root:#########################
INFO:root:

INFO:root:#########################
INFO:root:### FOLD 4 ###
INFO:root:### Train size , 65786, Valid size , 7310
INFO:root:	Model Name : Decision_tree
INFO:root:Hyperparameters : {'ccp_alpha': 0.0, 'class_weight': None, 'criterion': 'gini', 'max_depth': 9, 'max_features': None, 'max_leaf_nodes': None, 'min_impurity_decrease': 0.0, 'min_samples_leaf': 1, 'min_samples_split': 14, 'min_weight_fraction_leaf': 0.0, 'random_state': None, 'splitter': 'best'}
INFO:root:Train ROC AUC: 0.9592267808438061
INFO:root:Test ROC AUC: 0.952568319918557
INFO:root:Train Classification Report:
INFO:root:              precision    recall  f1-score   support

          No       0.94      0.87      0.91     32893
         Yes       0.88      0.94      0.91     32893

    accuracy                           0.91     65786
   macro avg       0.91      0.91      0.91     65786
weighted avg       0.91      0.91      0.91     65786

INFO:root:Test Classification Report:
INFO:root:              precision    recall  f1-score   support

          No       0.93      0.86      0.89      3655
         Yes       0.87      0.93      0.90      3655

    accuracy                           0.90      7310
   macro avg       0.90      0.90      0.90      7310
weighted avg       0.90      0.90      0.90      7310

INFO:root:#########################
INFO:root:

INFO:root:#########################
INFO:root:### FOLD 5 ###
INFO:root:### Train size , 65786, Valid size , 7310
INFO:root:	Model Name : Decision_tree
INFO:root:Hyperparameters : {'ccp_alpha': 0.0, 'class_weight': None, 'criterion': 'gini', 'max_depth': 6, 'max_features': None, 'max_leaf_nodes': None, 'min_impurity_decrease': 0.0, 'min_samples_leaf': 1, 'min_samples_split': 5, 'min_weight_fraction_leaf': 0.0, 'random_state': None, 'splitter': 'best'}
INFO:root:Train ROC AUC: 0.9441222027000634
INFO:root:Test ROC AUC: 0.945827146816478
INFO:root:Train Classification Report:
INFO:root:              precision    recall  f1-score   support

          No       0.91      0.86      0.88     32893
         Yes       0.86      0.91      0.89     32893

    accuracy                           0.88     65786
   macro avg       0.89      0.88      0.88     65786
weighted avg       0.89      0.88      0.88     65786

INFO:root:Test Classification Report:
INFO:root:      precision    recall  f1-score   support

          No       0.91      0.86      0.89      3655
         Yes       0.87      0.92      0.89      3655

    accuracy                           0.89      7310
   macro avg       0.89      0.89      0.89      7310
weighted avg       0.89      0.89      0.89      7310

INFO:root:#########################
INFO:root:

INFO:root:#########################
INFO:root:### FOLD 6 ###
INFO:root:### Train size , 65786, Valid size , 7310
INFO:root:	Model Name : Decision_tree
INFO:root:Hyperparameters : {'ccp_alpha': 0.0, 'class_weight': None, 'criterion': 'gini', 'max_depth': 10, 'max_features': None, 'max_leaf_nodes': None, 'min_impurity_decrease': 0.0, 'min_samples_leaf': 1, 'min_samples_split': 11, 'min_weight_fraction_leaf': 0.0, 'random_state': None, 'splitter': 'best'}
INFO:root:Train ROC AUC: 0.9646468626280522
INFO:root:Test ROC AUC: 0.957452284130017
INFO:root:Train Classification Report:
INFO:root:      precision    recall  f1-score   support

          No       0.96      0.87      0.92     32893
         Yes       0.88      0.96      0.92     32893

    accuracy                           0.92     65786
   macro avg       0.92      0.92      0.92     65786
weighted avg       0.92      0.92      0.92     65786

INFO:root:Test Classification Report:
INFO:root:     precision    recall  f1-score   support

          No       0.95      0.87      0.91      3655
         Yes       0.88      0.95      0.91      3655

    accuracy                           0.91      7310
   macro avg       0.91      0.91      0.91      7310
weighted avg       0.91      0.91      0.91      7310

INFO:root:#########################
INFO:root:

INFO:root:#########################
INFO:root:### FOLD 7 ###
INFO:root:### Train size , 65787, Valid size , 7309
INFO:root:	Model Name : Decision_tree
INFO:root:Hyperparameters : {'ccp_alpha': 0.0, 'class_weight': None, 'criterion': 'gini', 'max_depth': 10, 'max_features': None, 'max_leaf_nodes': None, 'min_impurity_decrease': 0.0, 'min_samples_leaf': 1, 'min_samples_split': 6, 'min_weight_fraction_leaf': 0.0, 'random_state': None, 'splitter': 'best'}
INFO:root:Train ROC AUC: 0.9644240497226155
INFO:root:Test ROC AUC: 0.9545481330730635
INFO:root:Train Classification Report:
INFO:root:       precision    recall  f1-score   support

          No       0.96      0.87      0.91     32894
         Yes       0.88      0.96      0.92     32893

    accuracy                           0.92     65787
   macro avg       0.92      0.92      0.92     65787
weighted avg       0.92      0.92      0.92     65787

INFO:root:Test Classification Report:
INFO:root:       precision    recall  f1-score   support

          No       0.95      0.86      0.90      3654
         Yes       0.87      0.95      0.91      3655

    accuracy                           0.91      7309
   macro avg       0.91      0.91      0.91      7309
weighted avg       0.91      0.91      0.91      7309

INFO:root:#########################
INFO:root:

INFO:root:#########################
INFO:root:### FOLD 8 ###
INFO:root:### Train size , 65787, Valid size , 7309
INFO:root:	Model Name : Decision_tree
INFO:root:Hyperparameters : {'ccp_alpha': 0.0, 'class_weight': None, 'criterion': 'gini', 'max_depth': 8, 'max_features': None, 'max_leaf_nodes': None, 'min_impurity_decrease': 0.0, 'min_samples_leaf': 1, 'min_samples_split': 2, 'min_weight_fraction_leaf': 0.0, 'random_state': None, 'splitter': 'best'}
INFO:root:Train ROC AUC: 0.9544147056884225
INFO:root:Test ROC AUC: 0.950459927355064
INFO:root:Train Classification Report:
INFO:root:       precision    recall  f1-score   support

          No       0.93      0.86      0.90     32894
         Yes       0.87      0.94      0.90     32893

    accuracy                           0.90     65787
   macro avg       0.90      0.90      0.90     65787
weighted avg       0.90      0.90      0.90     65787

INFO:root:Test Classification Report:
INFO:root:       precision    recall  f1-score   support

          No       0.93      0.85      0.89      3654
         Yes       0.86      0.94      0.90      3655

    accuracy                           0.89      7309
   macro avg       0.90      0.89      0.89      7309
weighted avg       0.90      0.89      0.89      7309

INFO:root:#########################
INFO:root:

INFO:root:#########################
INFO:root:### FOLD 9 ###
INFO:root:### Train size , 65787, Valid size , 7309
INFO:root:	Model Name : Decision_tree
INFO:root:Hyperparameters : {'ccp_alpha': 0.0, 'class_weight': None, 'criterion': 'gini', 'max_depth': 8, 'max_features': None, 'max_leaf_nodes': None, 'min_impurity_decrease': 0.0, 'min_samples_leaf': 1, 'min_samples_split': 5, 'min_weight_fraction_leaf': 0.0, 'random_state': None, 'splitter': 'best'}
INFO:root:Train ROC AUC: 0.9543132289861345
INFO:root:Test ROC AUC: 0.9480623150088692
INFO:root:Train Classification Report:
INFO:root:      precision    recall  f1-score   support

          No       0.94      0.85      0.90     32893
         Yes       0.87      0.95      0.90     32894

    accuracy                           0.90     65787
   macro avg       0.90      0.90      0.90     65787
weighted avg       0.90      0.90      0.90     65787

INFO:root:Test Classification Report:
INFO:root:      precision    recall  f1-score   support

          No       0.93      0.84      0.88      3655
         Yes       0.85      0.94      0.90      3654

    accuracy                           0.89      7309
   macro avg       0.89      0.89      0.89      7309
weighted avg       0.89      0.89      0.89      7309

INFO:root:#########################
INFO:root:

INFO:root:#########################
INFO:root:### FOLD 10 ###
INFO:root:### Train size , 65787, Valid size , 7309
INFO:root:	Model Name : Decision_tree
INFO:root:Hyperparameters : {'ccp_alpha': 0.0, 'class_weight': None, 'criterion': 'gini', 'max_depth': 10, 'max_features': None, 'max_leaf_nodes': None, 'min_impurity_decrease': 0.0, 'min_samples_leaf': 1, 'min_samples_split': 9, 'min_weight_fraction_leaf': 0.0, 'random_state': None, 'splitter': 'best'}
INFO:root:Train ROC AUC: 0.9637497771659567
INFO:root:Test ROC AUC: 0.9537963006640775
INFO:root:Train Classification Report:
INFO:root:      precision    recall  f1-score   support

          No       0.96      0.87      0.91     32893
         Yes       0.88      0.96      0.92     32894

    accuracy                           0.92     65787
   macro avg       0.92      0.92      0.92     65787
weighted avg       0.92      0.92      0.92     65787

INFO:root:Test Classification Report:
INFO:root:       precision    recall  f1-score   support

          No       0.96      0.86      0.91      3655
         Yes       0.87      0.96      0.91      3654

    accuracy                           0.91      7309
   macro avg       0.91      0.91      0.91      7309
weighted avg       0.91      0.91      0.91      7309

INFO:root:#########################
INFO:root:

INFO:root:Overall Training ROC Score: 0.9588762169414771, Testing ROC Score : 0.9527021664956923
