INFO:root:#########################
INFO:root:### FOLD 1 ###
INFO:root:### Train size , 37069, Valid size , 4119
INFO:root:Model Name : LogisticRegression
INFO:root:Hyperparameters : {'C': 1.0, 'class_weight': None, 'dual': False, 'fit_intercept': True, 'intercept_scaling': 1, 'l1_ratio': None, 'max_iter': 1000, 'multi_class': 'auto', 'n_jobs': None, 'penalty': 'l2', 'random_state': None, 'solver': 'lbfgs', 'tol': 0.0001, 'verbose': 0, 'warm_start': False}
INFO:root:Train ROC AUC: 0.9304591163639494
INFO:root:Test ROC AUC: 0.920294589367423
INFO:root:#########################
INFO:root:

INFO:root:#########################
INFO:root:### FOLD 2 ###
INFO:root:### Train size , 37069, Valid size , 4119
INFO:root:Model Name : LogisticRegression
INFO:root:Hyperparameters : {'C': 1.0, 'class_weight': None, 'dual': False, 'fit_intercept': True, 'intercept_scaling': 1, 'l1_ratio': None, 'max_iter': 1000, 'multi_class': 'auto', 'n_jobs': None, 'penalty': 'l2', 'random_state': None, 'solver': 'lbfgs', 'tol': 0.0001, 'verbose': 0, 'warm_start': False}
INFO:root:Train ROC AUC: 0.9301162902167519
INFO:root:Test ROC AUC: 0.9245542242558611
INFO:root:#########################
INFO:root:

INFO:root:#########################
INFO:root:### FOLD 3 ###
INFO:root:### Train size , 37069, Valid size , 4119
INFO:root:Model Name : LogisticRegression
INFO:root:Hyperparameters : {'C': 1.0, 'class_weight': None, 'dual': False, 'fit_intercept': True, 'intercept_scaling': 1, 'l1_ratio': None, 'max_iter': 1000, 'multi_class': 'auto', 'n_jobs': None, 'penalty': 'l2', 'random_state': None, 'solver': 'lbfgs', 'tol': 0.0001, 'verbose': 0, 'warm_start': False}
INFO:root:Train ROC AUC: 0.9291632552221746
INFO:root:Test ROC AUC: 0.93402106231426
INFO:root:#########################
INFO:root:

INFO:root:#########################
INFO:root:### FOLD 4 ###
INFO:root:### Train size , 37069, Valid size , 4119
INFO:root:Model Name : LogisticRegression
INFO:root:Hyperparameters : {'C': 1.0, 'class_weight': None, 'dual': False, 'fit_intercept': True, 'intercept_scaling': 1, 'l1_ratio': None, 'max_iter': 1000, 'multi_class': 'auto', 'n_jobs': None, 'penalty': 'l2', 'random_state': None, 'solver': 'lbfgs', 'tol': 0.0001, 'verbose': 0, 'warm_start': False}
INFO:root:Train ROC AUC: 0.9298001892354323
INFO:root:Test ROC AUC: 0.9252535496957405
INFO:root:#########################
INFO:root:

INFO:root:#########################
INFO:root:### FOLD 5 ###
INFO:root:### Train size , 37069, Valid size , 4119
INFO:root:Model Name : LogisticRegression
INFO:root:Hyperparameters : {'C': 1.0, 'class_weight': None, 'dual': False, 'fit_intercept': True, 'intercept_scaling': 1, 'l1_ratio': None, 'max_iter': 1000, 'multi_class': 'auto', 'n_jobs': None, 'penalty': 'l2', 'random_state': None, 'solver': 'lbfgs', 'tol': 0.0001, 'verbose': 0, 'warm_start': False}
INFO:root:Train ROC AUC: 0.9302411726726144
INFO:root:Test ROC AUC: 0.9269676635690363
INFO:root:#########################
INFO:root:

INFO:root:#########################
INFO:root:### FOLD 6 ###
INFO:root:### Train size , 37069, Valid size , 4119
INFO:root:Model Name : LogisticRegression
INFO:root:Hyperparameters : {'C': 1.0, 'class_weight': None, 'dual': False, 'fit_intercept': True, 'intercept_scaling': 1, 'l1_ratio': None, 'max_iter': 1000, 'multi_class': 'auto', 'n_jobs': None, 'penalty': 'l2', 'random_state': None, 'solver': 'lbfgs', 'tol': 0.0001, 'verbose': 0, 'warm_start': False}
INFO:root:Train ROC AUC: 0.9294604935217207
INFO:root:Test ROC AUC: 0.9301329072126043
INFO:root:#########################
INFO:root:

INFO:root:#########################
INFO:root:### FOLD 7 ###
INFO:root:### Train size , 37069, Valid size , 4119
INFO:root:Model Name : LogisticRegression
INFO:root:Hyperparameters : {'C': 1.0, 'class_weight': None, 'dual': False, 'fit_intercept': True, 'intercept_scaling': 1, 'l1_ratio': None, 'max_iter': 1000, 'multi_class': 'auto', 'n_jobs': None, 'penalty': 'l2', 'random_state': None, 'solver': 'lbfgs', 'tol': 0.0001, 'verbose': 0, 'warm_start': False}
INFO:root:Train ROC AUC: 0.9295350997597808
INFO:root:Test ROC AUC: 0.9314454691259022
INFO:root:#########################
INFO:root:

INFO:root:#########################
INFO:root:### FOLD 8 ###
INFO:root:### Train size , 37069, Valid size , 4119
INFO:root:Model Name : LogisticRegression
INFO:root:Hyperparameters : {'C': 1.0, 'class_weight': None, 'dual': False, 'fit_intercept': True, 'intercept_scaling': 1, 'l1_ratio': None, 'max_iter': 1000, 'multi_class': 'auto', 'n_jobs': None, 'penalty': 'l2', 'random_state': None, 'solver': 'lbfgs', 'tol': 0.0001, 'verbose': 0, 'warm_start': False}
INFO:root:Train ROC AUC: 0.9290091942141901
INFO:root:Test ROC AUC: 0.9342085711590169
INFO:root:#########################
INFO:root:

INFO:root:#########################
INFO:root:### FOLD 9 ###
INFO:root:### Train size , 37070, Valid size , 4118
INFO:root:Model Name : LogisticRegression
INFO:root:Hyperparameters : {'C': 1.0, 'class_weight': None, 'dual': False, 'fit_intercept': True, 'intercept_scaling': 1, 'l1_ratio': None, 'max_iter': 1000, 'multi_class': 'auto', 'n_jobs': None, 'penalty': 'l2', 'random_state': None, 'solver': 'lbfgs', 'tol': 0.0001, 'verbose': 0, 'warm_start': False}
INFO:root:Train ROC AUC: 0.9292003374592066
INFO:root:Test ROC AUC: 0.9346972142007813
INFO:root:#########################
INFO:root:

INFO:root:#########################
INFO:root:### FOLD 10 ###
INFO:root:### Train size , 37070, Valid size , 4118
INFO:root:Model Name : LogisticRegression
INFO:root:Hyperparameters : {'C': 1.0, 'class_weight': None, 'dual': False, 'fit_intercept': True, 'intercept_scaling': 1, 'l1_ratio': None, 'max_iter': 1000, 'multi_class': 'auto', 'n_jobs': None, 'penalty': 'l2', 'random_state': None, 'solver': 'lbfgs', 'tol': 0.0001, 'verbose': 0, 'warm_start': False}
INFO:root:Train ROC AUC: 0.92946634341774
INFO:root:Test ROC AUC: 0.9295782373591529
INFO:root:#########################
INFO:root:

INFO:root:Overall Training ROC Score: 0.9296451492083561, Testing ROC Score : 0.9291153488259777
